Using pre-set license
Built from '2020.3/staging' branch; Version is '2020.3.3f1 (76626098c1c4) revision 7758432'; Using compiler version '192528614'; Build Type 'Release'
OS: 'Windows 10 Pro; OS build 19041.928; Version 2004; 64bit' Language: 'fr' Physical Memory: 16318 MB
BatchMode: 1, IsHumanControllingUs: 0, StartBugReporterOnCrash: 0, Is64bit: 1, IsPro: 0

 COMMAND LINE ARGUMENTS:
D:\Unity\2020.3.3f1\Editor\Unity.exe
-adb2
-batchMode
-noUpm
-name
AssetImportWorker0
-projectPath
D:/projets jeux/bordel/Nouveau dossier/Projet SD
-logFile
Logs/AssetImportWorker0.log
-srvPort
63099
Successfully changed project path to: D:/projets jeux/bordel/Nouveau dossier/Projet SD
D:/projets jeux/bordel/Nouveau dossier/Projet SD
Using Asset Import Pipeline V2.
Refreshing native plugins compatible for Editor in 16.92 ms, found 0 plugins.
Preloading 0 native plugins for Editor in 0.00 ms.
Initialize engine version: 2020.3.3f1 (76626098c1c4)
[Subsystems] Discovering subsystems at path D:/Unity/2020.3.3f1/Editor/Data/Resources/UnitySubsystems
[Subsystems] Discovering subsystems at path D:/projets jeux/bordel/Nouveau dossier/Projet SD/Assets
GfxDevice: creating device client; threaded=0
Direct3D:
    Version:  Direct3D 11.0 [level 11.1]
    Renderer: NVIDIA GeForce RTX 2060 (ID=0x1f08)
    Vendor:   
    VRAM:     5980 MB
    Driver:   27.21.14.6611
Initialize mono
Mono path[0] = 'D:/Unity/2020.3.3f1/Editor/Data/Managed'
Mono path[1] = 'D:/Unity/2020.3.3f1/Editor/Data/MonoBleedingEdge/lib/mono/unityjit'
Mono config path = 'D:/Unity/2020.3.3f1/Editor/Data/MonoBleedingEdge/etc'
Using monoOptions --debugger-agent=transport=dt_socket,embedding=1,server=y,suspend=n,address=127.0.0.1:56620
Begin MonoManager ReloadAssembly
Registering precompiled unity dll's ...
Register platform support module: D:/Unity/2020.3.3f1/Editor/Data/PlaybackEngines/WebGLSupport/UnityEditor.WebGL.Extensions.dll
Register platform support module: D:/Unity/2020.3.3f1/Editor/Data/PlaybackEngines/WindowsStandaloneSupport/UnityEditor.WindowsStandalone.Extensions.dll
Registered in 0.001079 seconds.
Native extension for WindowsStandalone target not found
Native extension for WebGL target not found
Refreshing native plugins compatible for Editor in 18.57 ms, found 0 plugins.
Preloading 0 native plugins for Editor in 0.00 ms.
Invoked RoslynAnalysisRunner static constructor.
RoslynAnalysisRunner will not be running.
RoslynAnalysisRunner has terminated.
Mono: successfully reloaded assembly
- Completed reload, in  0.886 seconds
Platform modules already initialized, skipping
Registering precompiled user dll's ...
Registered in 0.000441 seconds.
Begin MonoManager ReloadAssembly
Native extension for WindowsStandalone target not found
Native extension for WebGL target not found
Refreshing native plugins compatible for Editor in 0.17 ms, found 0 plugins.
Preloading 0 native plugins for Editor in 0.00 ms.
Invoked RoslynAnalysisRunner static constructor.
RoslynAnalysisRunner will not be running.
RoslynAnalysisRunner has terminated.
Mono: successfully reloaded assembly
- Completed reload, in  0.626 seconds
Platform modules already initialized, skipping
========================================================================
Worker process is ready to serve import requests
Launched and connected shader compiler UnityShaderCompiler.exe after 0.66 seconds
Refreshing native plugins compatible for Editor in 0.19 ms, found 0 plugins.
Preloading 0 native plugins for Editor in 0.00 ms.
Unloading 1115 Unused Serialized files (Serialized files now loaded: 0)
System memory in use before: 57.1 MB.
System memory in use after: 57.1 MB.

Unloading 10 unused Assets to reduce memory usage. Loaded Objects now: 1557.
Total: 1.484500 ms (FindLiveObjects: 0.129900 ms CreateObjectMapping: 0.033500 ms MarkObjects: 1.264300 ms  DeleteObjects: 0.056100 ms)

========================================================================
Received Import Request.
  path: Assets
  artifactKey: Guid(00000000000000001000000000000000) Importer(815301076,1909f56bfc062723c751e8b465ee728b)
Start importing Assets using Guid(00000000000000001000000000000000) Importer(815301076,1909f56bfc062723c751e8b465ee728b)  -> (artifact id: 'b2e0e235c0f4af3754229b664788db90') in 0.015387 seconds
  Import took 0.035895 seconds .

========================================================================
Received Import Request.
  Time since last request: 3.889429 seconds.
  path: Assets/sound
  artifactKey: Guid(64b94cc805a5e014eb8f03aa17b8a30d) Importer(815301076,1909f56bfc062723c751e8b465ee728b)
Start importing Assets/sound using Guid(64b94cc805a5e014eb8f03aa17b8a30d) Importer(815301076,1909f56bfc062723c751e8b465ee728b)  -> (artifact id: '8389c9eca3636de8d904105e9e7d08a6') in 0.004866 seconds
  Import took 0.041899 seconds .

========================================================================
Received Import Request.
  Time since last request: 14.799494 seconds.
  path: Assets/sound/Devoir Reaper piste chill.wav
  artifactKey: Guid(8344ec24441ed90449e905fd4cbc86d1) Importer(815301076,1909f56bfc062723c751e8b465ee728b)
Start importing Assets/sound/Devoir Reaper piste chill.wav using Guid(8344ec24441ed90449e905fd4cbc86d1) Importer(815301076,1909f56bfc062723c751e8b465ee728b)  -> (artifact id: 'c1e2fde7deaa214340d90aab57873d3f') in 0.264727 seconds
  Import took 0.266560 seconds .

========================================================================
Received Import Request.
  Time since last request: 0.000232 seconds.
  path: Assets/sound/Devoir Reaper piste pression.wav
  artifactKey: Guid(5bf15e7788d26ae43bae38af6777387c) Importer(815301076,1909f56bfc062723c751e8b465ee728b)
Start importing Assets/sound/Devoir Reaper piste pression.wav using Guid(5bf15e7788d26ae43bae38af6777387c) Importer(815301076,1909f56bfc062723c751e8b465ee728b)  -> (artifact id: '97c843d72160923522150929a26ef5e1') in 0.010538 seconds
  Import took 0.012210 seconds .

AssetImportWorkerClient::OnTransportError - code=2 error=End of file
